<?xml version="1.0" encoding="UTF-8" ?>
<testsuite errors="0" failures="0" hostname="localhost" name="com.pwc.service.NoteServiceTest" tests="2" time="0.082" timestamp="2012-09-09T12:19:48">
  <properties>
[...]
</properties>
  <testcase classname="com.pwc.service.NoteServiceTest" name="testGetNotesNumber" time="0.002" />
  <testcase classname="com.pwc.service.NoteServiceTest" name="testAddNote" time="0.016" />
  <system-out><![CDATA[]]></system-out>
  <system-err><![CDATA[]]></system-err>
</testsuite>
